<?xml version="1.0" encoding="UTF-8"?>
<!-- Generated by org.testng.reporters.JUnitXMLReporter -->
<testsuite ignored="8" hostname="DESKTOP-KMPVALL" failures="0" tests="5" name="Test" time="286.152" errors="0" timestamp="2020-10-26T10:56:04 IST">
  <testcase classname="com.ustg.amazon.testcases.loginTest" name="Login" time="26.395"/>
  <testcase classname="com.ustg.amazon.testcases.loginTest" name="selectItem" time="52.204"/>
  <testcase classname="com.ustg.amazon.testcases.filterTest" name="addToCart" time="112.842"/>
  <testcase classname="com.ustg.amazon.testcases.secondCategoryTest" name="secondAddToCart" time="68.714"/>
  <testcase classname="com.ustg.amazon.testcases.lastViewTest" name="finalCart" time="25.935"/>
  <testcase classname="com.ustg.amazon.testcases.initialSetUp" name="@AfterSuite afterSuite" time="0.0">
    <ignored/>
  </testcase> <!-- @AfterSuite afterSuite -->
  <testcase classname="com.ustg.amazon.testcases.initialSetUp" name="@AfterSuite afterSuite" time="0.0">
    <ignored/>
  </testcase> <!-- @AfterSuite afterSuite -->
  <testcase classname="com.ustg.amazon.testcases.initialSetUp" name="@AfterSuite afterSuite" time="0.0">
    <ignored/>
  </testcase> <!-- @AfterSuite afterSuite -->
  <testcase classname="com.ustg.amazon.testcases.initialSetUp" name="@AfterSuite afterSuite" time="0.0">
    <ignored/>
  </testcase> <!-- @AfterSuite afterSuite -->
  <testcase classname="com.ustg.amazon.testcases.initialSetUp" name="@BeforeSuite beforeSuite" time="0.0">
    <ignored/>
  </testcase> <!-- @BeforeSuite beforeSuite -->
  <testcase classname="com.ustg.amazon.testcases.initialSetUp" name="@BeforeSuite beforeSuite" time="0.0">
    <ignored/>
  </testcase> <!-- @BeforeSuite beforeSuite -->
  <testcase classname="com.ustg.amazon.testcases.initialSetUp" name="@BeforeSuite beforeSuite" time="0.0">
    <ignored/>
  </testcase> <!-- @BeforeSuite beforeSuite -->
  <testcase classname="com.ustg.amazon.testcases.initialSetUp" name="@BeforeSuite beforeSuite" time="0.0">
    <ignored/>
  </testcase> <!-- @BeforeSuite beforeSuite -->
</testsuite> <!-- Test -->
