<?xml version="1.0" encoding="UTF-8"?>
<testng-results ignored="8" total="13" passed="5" failed="0" skipped="0">
  <reporter-output>
  </reporter-output>
  <suite started-at="2020-10-26T10:51:17 IST" name="Suite" finished-at="2020-10-26T10:56:03 IST" duration-ms="286152">
    <groups>
    </groups>
    <test started-at="2020-10-26T10:51:17 IST" name="Test" finished-at="2020-10-26T10:56:03 IST" duration-ms="286152">
      <class name="com.ustg.amazon.testcases.lastViewTest">
        <test-method signature="finalCart()[pri:0, instance:com.ustg.amazon.testcases.lastViewTest@159f197]" started-at="2020-10-26T10:55:37 IST" name="finalCart" finished-at="2020-10-26T10:56:03 IST" duration-ms="25935" status="PASS">
          <reporter-output>
          </reporter-output>
        </test-method> <!-- finalCart -->
      </class> <!-- com.ustg.amazon.testcases.lastViewTest -->
      <class name="com.ustg.amazon.testcases.initialSetUp">
        <test-method is-config="true" signature="beforeSuite()[pri:0, instance:com.ustg.amazon.testcases.initialSetUp@5276e6b0]" started-at="2020-10-26T10:50:38 IST" name="beforeSuite" finished-at="2020-10-26T10:51:17 IST" duration-ms="38833" status="PASS">
          <reporter-output>
          </reporter-output>
        </test-method> <!-- beforeSuite -->
        <test-method is-config="true" signature="afterSuite()[pri:0, instance:com.ustg.amazon.testcases.initialSetUp@5276e6b0]" started-at="2020-10-26T10:56:04 IST" name="afterSuite" finished-at="2020-10-26T10:56:04 IST" duration-ms="0" status="PASS">
          <reporter-output>
          </reporter-output>
        </test-method> <!-- afterSuite -->
      </class> <!-- com.ustg.amazon.testcases.initialSetUp -->
      <class name="com.ustg.amazon.testcases.secondCategoryTest">
        <test-method signature="secondAddToCart()[pri:0, instance:com.ustg.amazon.testcases.secondCategoryTest@647fd8ce]" started-at="2020-10-26T10:54:29 IST" name="secondAddToCart" finished-at="2020-10-26T10:55:37 IST" duration-ms="68714" status="PASS">
          <reporter-output>
          </reporter-output>
        </test-method> <!-- secondAddToCart -->
      </class> <!-- com.ustg.amazon.testcases.secondCategoryTest -->
      <class name="com.ustg.amazon.testcases.loginTest">
        <test-method signature="Login()[pri:0, instance:com.ustg.amazon.testcases.loginTest@71b1176b]" started-at="2020-10-26T10:51:17 IST" name="Login" finished-at="2020-10-26T10:51:44 IST" duration-ms="26395" status="PASS">
          <reporter-output>
          </reporter-output>
        </test-method> <!-- Login -->
        <test-method signature="selectItem()[pri:1, instance:com.ustg.amazon.testcases.loginTest@71b1176b]" started-at="2020-10-26T10:51:44 IST" name="selectItem" finished-at="2020-10-26T10:52:36 IST" duration-ms="52204" status="PASS">
          <reporter-output>
          </reporter-output>
        </test-method> <!-- selectItem -->
      </class> <!-- com.ustg.amazon.testcases.loginTest -->
      <class name="com.ustg.amazon.testcases.filterTest">
        <test-method signature="addToCart()[pri:0, instance:com.ustg.amazon.testcases.filterTest@6193932a]" started-at="2020-10-26T10:52:36 IST" name="addToCart" finished-at="2020-10-26T10:54:29 IST" duration-ms="112842" status="PASS">
          <reporter-output>
          </reporter-output>
        </test-method> <!-- addToCart -->
      </class> <!-- com.ustg.amazon.testcases.filterTest -->
    </test> <!-- Test -->
  </suite> <!-- Suite -->
</testng-results>
